<?xml version="1.0" encoding="UTF-8"?>
<testsuites name="jest tests" tests="18" failures="0" errors="0" time="19.168">
  <testsuite name="Calculator tests" errors="0" failures="0" skipped="0" timestamp="2023-04-26T18:33:44" time="11.418" tests="1">
    <testcase classname="Calculator tests adding 1 + 2 should return 3" name="Calculator tests adding 1 + 2 should return 3" time="0.004">
    </testcase>
  </testsuite>
  <testsuite name="EncryptionService" errors="0" failures="0" skipped="0" timestamp="2023-04-26T18:33:44" time="13.9" tests="5">
    <testcase classname="EncryptionService should return a string" name="EncryptionService should return a string" time="0.179">
    </testcase>
    <testcase classname="EncryptionService should return different outputs" name="EncryptionService should return different outputs" time="0.008">
    </testcase>
    <testcase classname="EncryptionService should return true for matching strings after being compared" name="EncryptionService should return true for matching strings after being compared" time="0.318">
    </testcase>
    <testcase classname="EncryptionService should return false for non matching plain texts" name="EncryptionService should return false for non matching plain texts" time="0.268">
    </testcase>
    <testcase classname="EncryptionService should be defined" name="EncryptionService should be defined" time="0.008">
    </testcase>
  </testsuite>
  <testsuite name="AppController" errors="0" failures="0" skipped="0" timestamp="2023-04-26T18:33:44" time="16.514" tests="1">
    <testcase classname="AppController root should return &quot;Hello&quot;" name="AppController root should return &quot;Hello&quot;" time="2.53">
    </testcase>
  </testsuite>
  <testsuite name="UserService" errors="0" failures="0" skipped="0" timestamp="2023-04-26T18:33:44" time="16.509" tests="1">
    <testcase classname="UserService should be defined" name="UserService should be defined" time="2.246">
    </testcase>
  </testsuite>
  <testsuite name="Neo4jService" errors="0" failures="0" skipped="0" timestamp="2023-04-26T18:33:44" time="17.652" tests="6">
    <testcase classname="Neo4jService should create a read session" name="Neo4jService should create a read session" time="0.066">
    </testcase>
    <testcase classname="Neo4jService should create a write session" name="Neo4jService should create a write session" time="0.019">
    </testcase>
    <testcase classname="Neo4jService should read data from the database" name="Neo4jService should read data from the database" time="2.982">
    </testcase>
    <testcase classname="Neo4jService should create a new node" name="Neo4jService should create a new node" time="0.893">
    </testcase>
    <testcase classname="Neo4jService should connect to the database" name="Neo4jService should connect to the database" time="0.503">
    </testcase>
    <testcase classname="Neo4jService should be defined" name="Neo4jService should be defined" time="0.004">
    </testcase>
  </testsuite>
  <testsuite name="AuthService" errors="0" failures="0" skipped="0" timestamp="2023-04-26T18:33:44" time="17.714" tests="4">
    <testcase classname="AuthService should return a user if valid credentials are provided" name="AuthService should return a user if valid credentials are provided" time="2.295">
    </testcase>
    <testcase classname="AuthService should return a null if incoorect credentials are provided" name="AuthService should return a null if incoorect credentials are provided" time="0.628">
    </testcase>
    <testcase classname="AuthService createToken should return a valid access token" name="AuthService createToken should return a valid access token" time="0.518">
    </testcase>
    <testcase classname="AuthService should be defined" name="AuthService should be defined" time="0.006">
    </testcase>
  </testsuite>
</testsuites>